<?xml version="1.0" encoding="UTF-8"?>
<testng-results ignored="0" total="2" passed="2" failed="0" skipped="0">
  <reporter-output>
  </reporter-output>
  <suite started-at="2022-02-23T08:06:45Z" name="Suite" finished-at="2022-02-23T08:07:12Z" duration-ms="27278">
    <groups>
    </groups>
    <test started-at="2022-02-23T08:06:45Z" name="Windows 10 Test" finished-at="2022-02-23T08:07:05Z" duration-ms="20748">
      <class name="com.lambdatest.Testng1">
        <test-method is-config="true" signature="setUpClass(java.lang.String, java.lang.String, java.lang.String)[pri:0, instance:com.lambdatest.Testng1@1b266842]" started-at="2022-02-23T08:06:45Z" name="setUpClass" finished-at="2022-02-23T08:06:54Z" duration-ms="9282" status="PASS">
          <params>
            <param index="0">
              <value>
                <![CDATA[Chrome]]>
              </value>
            </param>
            <param index="1">
              <value>
                <![CDATA[86.0]]>
              </value>
            </param>
            <param index="2">
              <value>
                <![CDATA[Windows 10]]>
              </value>
            </param>
          </params>
          <reporter-output>
          </reporter-output>
        </test-method> <!-- setUpClass -->
        <test-method signature="scenarioOne()[pri:0, instance:com.lambdatest.Testng1@1b266842]" started-at="2022-02-23T08:06:54Z" name="scenarioOne" finished-at="2022-02-23T08:07:05Z" duration-ms="11146" status="PASS">
          <reporter-output>
          </reporter-output>
        </test-method> <!-- scenarioOne -->
        <test-method is-config="true" signature="close()[pri:0, instance:com.lambdatest.Testng1@1b266842]" started-at="2022-02-23T08:07:05Z" name="close" finished-at="2022-02-23T08:07:05Z" duration-ms="298" status="PASS">
          <reporter-output>
          </reporter-output>
        </test-method> <!-- close -->
      </class> <!-- com.lambdatest.Testng1 -->
    </test> <!-- Windows 10 Test -->
    <test started-at="2022-02-23T08:06:45Z" name="MacOS Test" finished-at="2022-02-23T08:07:12Z" duration-ms="27278">
      <class name="com.lambdatest.Testng1">
        <test-method is-config="true" signature="setUpClass(java.lang.String, java.lang.String, java.lang.String)[pri:0, instance:com.lambdatest.Testng1@a82c5f1]" started-at="2022-02-23T08:06:45Z" name="setUpClass" finished-at="2022-02-23T08:06:56Z" duration-ms="11543" status="PASS">
          <params>
            <param index="0">
              <value>
                <![CDATA[MicrosoftEdge]]>
              </value>
            </param>
            <param index="1">
              <value>
                <![CDATA[87.0]]>
              </value>
            </param>
            <param index="2">
              <value>
                <![CDATA[macOS Sierra]]>
              </value>
            </param>
          </params>
          <reporter-output>
          </reporter-output>
        </test-method> <!-- setUpClass -->
        <test-method signature="scenarioOne()[pri:0, instance:com.lambdatest.Testng1@a82c5f1]" started-at="2022-02-23T08:06:56Z" name="scenarioOne" finished-at="2022-02-23T08:07:12Z" duration-ms="15224" status="PASS">
          <reporter-output>
          </reporter-output>
        </test-method> <!-- scenarioOne -->
        <test-method is-config="true" signature="close()[pri:0, instance:com.lambdatest.Testng1@a82c5f1]" started-at="2022-02-23T08:07:12Z" name="close" finished-at="2022-02-23T08:07:12Z" duration-ms="490" status="PASS">
          <reporter-output>
          </reporter-output>
        </test-method> <!-- close -->
      </class> <!-- com.lambdatest.Testng1 -->
    </test> <!-- MacOS Test -->
  </suite> <!-- Suite -->
</testng-results>
